<?xml version="1.0" encoding="UTF-8"?>
<!-- Generated by org.testng.reporters.JUnitReportReporter -->
<testsuite hostname="BLR-6PXG7T3" failures="0" tests="1" name="com.sauce.POMTests.LoginTest" time="8.405" errors="0" timestamp="2023-05-06T11:20:44 IST" skipped="0">
  <testcase classname="com.sauce.POMTests.LoginTest" name="login" time="8.405"/>
  <system-out/>
</testsuite> <!-- com.sauce.POMTests.LoginTest -->
