<?xml version="1.0" encoding="UTF-8"?>
<!-- Generated by org.testng.reporters.JUnitReportReporter -->
<testsuite hostname="BLR-6PXG7T3" failures="0" tests="2" name="practiceSel.TestNGGroupsTest" time="0.007" errors="0" timestamp="2023-04-03T19:34:26 IST" skipped="0">
  <testcase classname="practiceSel.TestNGGroupsTest" name="deleteUser" time="0.006"/>
  <system-out>
    <![CDATA[deleteUser]]>
  </system-out>
  <testcase classname="practiceSel.TestNGGroupsTest" name="deleteProject" time="0.001"/>
  <system-out>
    <![CDATA[deleteProject]]>
  </system-out>
</testsuite> <!-- practiceSel.TestNGGroupsTest -->
