<?xml version="1.0" encoding="UTF-8"?>
<!-- Generated by org.testng.reporters.JUnitReportReporter -->
<testsuite hostname="BLR-6PXG7T3" failures="0" tests="1" name="practiceSel.TestNGPractForAllAnnotations" time="0.004" errors="0" timestamp="2023-04-03T17:50:54 IST" skipped="0">
  <testcase classname="practiceSel.TestNGPractForAllAnnotations" name="testMethod" time="0.004"/>
  <system-out>
    <![CDATA[This is actual Test Method in the sense Test Case]]>
  </system-out>
</testsuite> <!-- practiceSel.TestNGPractForAllAnnotations -->
